<?xml version="1.0" encoding="UTF-8"?>
<testng-results ignored="0" total="2" passed="2" failed="0" skipped="0">
  <reporter-output>
  </reporter-output>
  <suite started-at="2023-11-04T18:36:15 IST" name="Suite" finished-at="2023-11-04T18:36:29 IST" duration-ms="13797">
    <groups>
    </groups>
    <test started-at="2023-11-04T18:36:15 IST" name="Test" finished-at="2023-11-04T18:36:29 IST" duration-ms="13797">
      <class name="TestNG1.NewTest">
        <test-method is-config="true" signature="setUp()[pri:0, instance:TestNG1.NewTest@4e3958e7]" started-at="2023-11-04T18:36:15 IST" name="setUp" finished-at="2023-11-04T18:36:23 IST" duration-ms="7989" status="PASS">
          <reporter-output>
          </reporter-output>
        </test-method> <!-- setUp -->
        <test-method signature="getPageSource()[pri:0, instance:TestNG1.NewTest@4e3958e7]" started-at="2023-11-04T18:36:23 IST" name="getPageSource" finished-at="2023-11-04T18:36:23 IST" duration-ms="101" status="PASS">
          <reporter-output>
          </reporter-output>
        </test-method> <!-- getPageSource -->
        <test-method is-config="true" signature="tearDown()[pri:0, instance:TestNG1.NewTest@4e3958e7]" started-at="2023-11-04T18:36:23 IST" name="tearDown" finished-at="2023-11-04T18:36:23 IST" duration-ms="559" status="PASS">
          <reporter-output>
          </reporter-output>
        </test-method> <!-- tearDown -->
        <test-method is-config="true" signature="setUp()[pri:0, instance:TestNG1.NewTest@4e3958e7]" started-at="2023-11-04T18:36:23 IST" name="setUp" finished-at="2023-11-04T18:36:28 IST" duration-ms="4821" status="PASS">
          <reporter-output>
          </reporter-output>
        </test-method> <!-- setUp -->
        <test-method signature="verifyTitle()[pri:0, instance:TestNG1.NewTest@4e3958e7]" started-at="2023-11-04T18:36:28 IST" name="verifyTitle" finished-at="2023-11-04T18:36:28 IST" duration-ms="53" status="PASS">
          <reporter-output>
          </reporter-output>
        </test-method> <!-- verifyTitle -->
        <test-method is-config="true" signature="tearDown()[pri:0, instance:TestNG1.NewTest@4e3958e7]" started-at="2023-11-04T18:36:28 IST" name="tearDown" finished-at="2023-11-04T18:36:29 IST" duration-ms="206" status="PASS">
          <reporter-output>
          </reporter-output>
        </test-method> <!-- tearDown -->
      </class> <!-- TestNG1.NewTest -->
    </test> <!-- Test -->
  </suite> <!-- Suite -->
</testng-results>
